Build started 6/16/2015 12:52:24 PM.
     1>Project "E:\CIS 234\CIS 234 Interface v0\CIS 234 Interface v0\CIS 234 Interface v0.vcxproj" on node 2 (Build target(s)).
     1>ClCompile:
         C:\Program Files (x86)\Microsoft Visual Studio 11.0\VC\bin\CL.exe /c /I"C:\Program Files\MySQL\mysql-5.6.25-win32\include" /Zi /nologo /W3 /WX- /sdl /O2 /Oi /Oy- /GL /D CPPCONN_PUBLIC_FUNC= /D _MBCS /Gm- /EHsc /MD /GS /Gy /fp:precise /Zc:wchar_t /Zc:forScope /Fo"Release\\" /Fd"Release\vc110.pdb" /Gd /TP /analyze- /errorReport:prompt Constants.cpp DB_Object.cpp Interface.cpp "Interface Components.cpp"
         Constants.cpp
         DB_Object.cpp
         Interface.cpp
     1>Interface.cpp(300): warning C4390: ';' : empty controlled statement found; is this the intent?
         Interface Components.cpp
       Link:
         C:\Program Files (x86)\Microsoft Visual Studio 11.0\VC\bin\link.exe /ERRORREPORT:PROMPT /OUT:"E:\CIS 234\CIS 234 Interface v0\Release\CIS 234 Interface v0.exe" /NOLOGO /LIBPATH:"C:\Program Files\MySQL\mysql-5.6.25-win32\lib" /LIBPATH:"C:\Program Files\MySQL\mysql-5.6.25-win32\include" mysqlclient.lib kernel32.lib user32.lib gdi32.lib winspool.lib comdlg32.lib advapi32.lib shell32.lib ole32.lib oleaut32.lib uuid.lib odbc32.lib odbccp32.lib /MANIFEST /MANIFESTUAC:"level='asInvoker' uiAccess='false'" /manifest:embed /DEBUG /PDB:"E:\CIS 234\CIS 234 Interface v0\Release\CIS 234 Interface v0.pdb" /OPT:REF /OPT:ICF /LTCG /TLBID:1 /DYNAMICBASE /NXCOMPAT /IMPLIB:"E:\CIS 234\CIS 234 Interface v0\Release\CIS 234 Interface v0.lib" /MACHINE:X86 /SAFESEH Release\Constants.obj
         Release\DB_Object.obj
         Release\Interface.obj
         "Release\Interface Components.obj"
         Generating code
         Finished generating code
         CIS 234 Interface v0.vcxproj -> E:\CIS 234\CIS 234 Interface v0\Release\CIS 234 Interface v0.exe
     1>Done Building Project "E:\CIS 234\CIS 234 Interface v0\CIS 234 Interface v0\CIS 234 Interface v0.vcxproj" (Build target(s)).

Build succeeded.

Time Elapsed 00:00:18.63
